
  .   ____          _            __ _ _
 /\\ / ___'_ __ _ _(_)_ __  __ _ \ \ \ \
( ( )\___ | '_ | '_| | '_ \/ _` | \ \ \ \
 \\/  ___)| |_)| | | | | || (_| |  ) ) ) )
  '  |____| .__|_| |_|_| |_\__, | / / / /
 =========|_|==============|___/=/_/_/_/
 :: Spring Boot ::               (v2.7.14)

2025-12-05 21:40:29.743  INFO 21416 --- [           main] c.p.D.DuAnTotNghiepApplication           : Starting DuAnTotNghiepApplication v0.0.1-SNAPSHOT using Java 21.0.8 on HaiTa with PID 21416 (D:\Website-b-n-thi-t-b-th-ng-minh-main\target\DuAnTotNghiep-0.0.1-SNAPSHOT.jar started by haiha in D:\Website-b-n-thi-t-b-th-ng-minh-main)
2025-12-05 21:40:29.755  INFO 21416 --- [           main] c.p.D.DuAnTotNghiepApplication           : No active profile set, falling back to 1 default profile: "default"
2025-12-05 21:40:31.043  INFO 21416 --- [           main] .s.d.r.c.RepositoryConfigurationDelegate : Bootstrapping Spring Data JPA repositories in DEFAULT mode.
2025-12-05 21:40:31.243  INFO 21416 --- [           main] .s.d.r.c.RepositoryConfigurationDelegate : Finished Spring Data repository scanning in 180 ms. Found 26 JPA repository interfaces.
2025-12-05 21:40:32.819  INFO 21416 --- [           main] o.s.b.w.embedded.tomcat.TomcatWebServer  : Tomcat initialized with port(s): 8080 (http)
2025-12-05 21:40:32.849  INFO 21416 --- [           main] o.apache.catalina.core.StandardService   : Starting service [Tomcat]
2025-12-05 21:40:32.849  INFO 21416 --- [           main] org.apache.catalina.core.StandardEngine  : Starting Servlet engine: [Apache Tomcat/9.0.78]
2025-12-05 21:40:32.982  INFO 21416 --- [           main] o.a.c.c.C.[Tomcat].[localhost].[/]       : Initializing Spring embedded WebApplicationContext
2025-12-05 21:40:32.989  INFO 21416 --- [           main] w.s.c.ServletWebServerApplicationContext : Root WebApplicationContext: initialization completed in 2825 ms
2025-12-05 21:40:33.361  INFO 21416 --- [           main] o.hibernate.jpa.internal.util.LogHelper  : HHH000204: Processing PersistenceUnitInfo [name: default]
2025-12-05 21:40:33.512  INFO 21416 --- [           main] org.hibernate.Version                    : HHH000412: Hibernate ORM core version 5.6.15.Final
2025-12-05 21:40:33.790  INFO 21416 --- [           main] o.hibernate.annotations.common.Version   : HCANN000001: Hibernate Commons Annotations {5.1.2.Final}
2025-12-05 21:40:33.958  INFO 21416 --- [           main] com.zaxxer.hikari.HikariDataSource       : HikariPool-1 - Starting...
2025-12-05 21:40:34.384  INFO 21416 --- [           main] com.zaxxer.hikari.HikariDataSource       : HikariPool-1 - Start completed.
2025-12-05 21:40:34.429  INFO 21416 --- [           main] org.hibernate.dialect.Dialect            : HHH000400: Using dialect: org.hibernate.dialect.SQLServer2012Dialect
2025-12-05 21:40:36.658  INFO 21416 --- [           main] o.h.e.t.j.p.i.JtaPlatformInitiator       : HHH000490: Using JtaPlatform implementation: [org.hibernate.engine.transaction.jta.platform.internal.NoJtaPlatform]
2025-12-05 21:40:36.684  INFO 21416 --- [           main] j.LocalContainerEntityManagerFactoryBean : Initialized JPA EntityManagerFactory for persistence unit 'default'
2025-12-05 21:40:37.317  INFO 21416 --- [           main] c.p.D.config.VNPayPropertiesBootstrap    : VNPayPropertiesBootstrap: Set system property vnpay.vnp_PayUrl from application.properties
2025-12-05 21:40:37.325  INFO 21416 --- [           main] c.p.D.config.VNPayPropertiesBootstrap    : VNPayPropertiesBootstrap: Set system property vnpay.vnp_ReturnUrl from application.properties
2025-12-05 21:40:37.326  INFO 21416 --- [           main] c.p.D.config.VNPayPropertiesBootstrap    : VNPayPropertiesBootstrap: Set system property vnpay.vnp_TmnCode from application.properties
2025-12-05 21:40:37.327  INFO 21416 --- [           main] c.p.D.config.VNPayPropertiesBootstrap    : VNPayPropertiesBootstrap: Set system property vnpay.secretKey from application.properties
2025-12-05 21:40:37.327  INFO 21416 --- [           main] c.p.D.config.VNPayPropertiesBootstrap    : VNPayPropertiesBootstrap: Set system property vnpay.vnp_NotifyUrl from application.properties
2025-12-05 21:40:39.386  INFO 21416 --- [           main] o.s.s.web.DefaultSecurityFilterChain     : Will secure Ant [pattern='/admin/**'] with [org.springframework.security.web.session.DisableEncodeUrlFilter@d9f5fce, org.springframework.security.web.context.request.async.WebAsyncManagerIntegrationFilter@49653791, org.springframework.security.web.context.SecurityContextPersistenceFilter@72224107, org.springframework.security.web.header.HeaderWriterFilter@240a2619, org.springframework.security.web.csrf.CsrfFilter@1cba0321, org.springframework.security.web.authentication.logout.LogoutFilter@e01a26b, org.springframework.security.web.authentication.UsernamePasswordAuthenticationFilter@78479f2b, org.springframework.security.web.savedrequest.RequestCacheAwareFilter@3070f3e6, org.springframework.security.web.servletapi.SecurityContextHolderAwareRequestFilter@3271ec2a, org.springframework.security.web.authentication.AnonymousAuthenticationFilter@45b7c97f, org.springframework.security.web.session.SessionManagementFilter@539316bb, org.springframework.security.web.access.ExceptionTranslationFilter@52f9e8bb, org.springframework.security.web.access.intercept.FilterSecurityInterceptor@59262a90]
2025-12-05 21:40:39.416  INFO 21416 --- [           main] o.s.s.web.DefaultSecurityFilterChain     : Will secure any request with [org.springframework.security.web.session.DisableEncodeUrlFilter@570b2057, org.springframework.security.web.context.request.async.WebAsyncManagerIntegrationFilter@a457c2b, org.springframework.security.web.context.SecurityContextPersistenceFilter@6e00837f, org.springframework.security.web.header.HeaderWriterFilter@d108406, org.springframework.security.web.authentication.logout.LogoutFilter@1d17423f, org.springframework.security.web.authentication.UsernamePasswordAuthenticationFilter@11399548, org.springframework.security.web.savedrequest.RequestCacheAwareFilter@63e4484d, org.springframework.security.web.servletapi.SecurityContextHolderAwareRequestFilter@6a5dd083, org.springframework.security.web.authentication.rememberme.RememberMeAuthenticationFilter@46d0f89c, org.springframework.security.web.authentication.AnonymousAuthenticationFilter@16a6dc21, org.springframework.security.web.session.SessionManagementFilter@799c8758, org.springframework.security.web.access.ExceptionTranslationFilter@1753475d, org.springframework.security.web.access.intercept.FilterSecurityInterceptor@675ec28b]
2025-12-05 21:40:39.540  WARN 21416 --- [           main] JpaBaseConfiguration$JpaWebConfiguration : spring.jpa.open-in-view is enabled by default. Therefore, database queries may be performed during view rendering. Explicitly configure spring.jpa.open-in-view to disable this warning
2025-12-05 21:40:40.443  INFO 21416 --- [           main] o.s.b.w.embedded.tomcat.TomcatWebServer  : Tomcat started on port(s): 8080 (http) with context path ''
2025-12-05 21:40:40.471  INFO 21416 --- [           main] c.p.D.DuAnTotNghiepApplication           : Started DuAnTotNghiepApplication in 11.529 seconds (JVM running for 12.263)
check email in queue Fri Dec 05 21:40:45 ICT 2025
2025-12-05 21:40:47.532  INFO 21416 --- [nio-8080-exec-1] o.a.c.c.C.[Tomcat].[localhost].[/]       : Initializing Spring DispatcherServlet 'dispatcherServlet'
2025-12-05 21:40:47.535  INFO 21416 --- [nio-8080-exec-1] o.s.web.servlet.DispatcherServlet        : Initializing Servlet 'dispatcherServlet'
2025-12-05 21:40:47.538  INFO 21416 --- [nio-8080-exec-1] o.s.web.servlet.DispatcherServlet        : Completed initialization in 2 ms
Auto-looked up coords for district 3: lat=21.0129, lng=105.8292
Auto-looked up coords for district 2: lat=21.0285, lng=105.8487
Auto-looked up coords for district 101: lat=10.7624, lng=106.6837
Auto-looked up coords for district 2: lat=21.0285, lng=105.8487
Auto-looked up coords for district 3: lat=21.0129, lng=105.8292
Auto-looked up coords for district 101: lat=10.7624, lng=106.6837
DEBUG: getWardsFromCache(1462) returned 20 items
DEBUG: Processing 20 wards
DEBUG: Skipping ward - no WardID found. Keys: [WardCode, DistrictID, WardName, NameExtension, IsEnable, CanUpdateCOD, UpdatedBy, CreatedAt, UpdatedAt, SupportType, PickType, DeliverType, WhiteListClient, WhiteListWard, GovernmentCode, Status, Config, ReasonCode, ReasonMessage, OnDates, UpdatedEmployee, UpdatedSource, UpdatedDate]
DEBUG: Skipping ward - no WardID found. Keys: [WardCode, DistrictID, WardName, NameExtension, IsEnable, CanUpdateCOD, UpdatedBy, CreatedAt, UpdatedAt, SupportType, PickType, DeliverType, WhiteListClient, WhiteListWard, GovernmentCode, Status, Config, ReasonCode, ReasonMessage, OnDates, UpdatedEmployee, UpdatedSource, UpdatedDate]
DEBUG: Skipping ward - no WardID found. Keys: [WardCode, DistrictID, WardName, NameExtension, IsEnable, CanUpdateCOD, UpdatedBy, CreatedAt, UpdatedAt, SupportType, PickType, DeliverType, WhiteListClient, WhiteListWard, GovernmentCode, Status, Config, ReasonCode, ReasonMessage, OnDates, UpdatedEmployee, UpdatedSource, UpdatedDate]
DEBUG: Skipping ward - no WardID found. Keys: [WardCode, DistrictID, WardName, NameExtension, IsEnable, CanUpdateCOD, UpdatedBy, CreatedAt, UpdatedAt, SupportType, PickType, DeliverType, WhiteListClient, WhiteListWard, GovernmentCode, Status, Config, ReasonCode, ReasonMessage, OnDates, UpdatedEmployee, UpdatedSource, UpdatedDate]
DEBUG: Skipping ward - no WardID found. Keys: [WardCode, DistrictID, WardName, NameExtension, IsEnable, CanUpdateCOD, UpdatedBy, CreatedAt, UpdatedAt, SupportType, PickType, DeliverType, WhiteListClient, WhiteListWard, Status, Config, ReasonCode, ReasonMessage, OnDates, UpdatedEmployee, UpdatedDate]
DEBUG: Skipping ward - no WardID found. Keys: [WardCode, DistrictID, WardName, NameExtension, IsEnable, CanUpdateCOD, UpdatedBy, CreatedAt, UpdatedAt, SupportType, PickType, DeliverType, WhiteListClient, WhiteListWard, GovernmentCode, Status, Config, ReasonCode, ReasonMessage, OnDates, UpdatedEmployee, UpdatedSource, UpdatedDate]
DEBUG: Skipping ward - no WardID found. Keys: [WardCode, DistrictID, WardName, NameExtension, IsEnable, CanUpdateCOD, UpdatedBy, CreatedAt, UpdatedAt, SupportType, PickType, DeliverType, WhiteListClient, WhiteListWard, Status, Config, ReasonCode, ReasonMessage, OnDates, UpdatedEmployee, UpdatedDate]
DEBUG: Skipping ward - no WardID found. Keys: [WardCode, DistrictID, WardName, NameExtension, IsEnable, CanUpdateCOD, UpdatedBy, CreatedAt, UpdatedAt, SupportType, PickType, DeliverType, WhiteListClient, WhiteListWard, GovernmentCode, Status, Config, ReasonCode, ReasonMessage, OnDates, UpdatedEmployee, UpdatedSource, UpdatedDate]
DEBUG: Skipping ward - no WardID found. Keys: [WardCode, DistrictID, WardName, NameExtension, IsEnable, CanUpdateCOD, UpdatedBy, CreatedAt, UpdatedAt, SupportType, PickType, DeliverType, WhiteListClient, WhiteListWard, GovernmentCode, Status, Config, ReasonCode, ReasonMessage, OnDates, UpdatedEmployee, UpdatedSource, UpdatedDate]
DEBUG: Skipping ward - no WardID found. Keys: [WardCode, DistrictID, WardName, NameExtension, IsEnable, CanUpdateCOD, UpdatedBy, CreatedAt, UpdatedAt, SupportType, PickType, DeliverType, WhiteListClient, WhiteListWard, Status, Config, ReasonCode, ReasonMessage, OnDates, UpdatedEmployee, UpdatedDate]
DEBUG: Skipping ward - no WardID found. Keys: [WardCode, DistrictID, WardName, NameExtension, IsEnable, CanUpdateCOD, UpdatedBy, CreatedAt, UpdatedAt, SupportType, PickType, DeliverType, WhiteListClient, WhiteListWard, GovernmentCode, Status, Config, ReasonCode, ReasonMessage, OnDates, UpdatedEmployee, UpdatedSource, UpdatedDate]
DEBUG: Skipping ward - no WardID found. Keys: [WardCode, DistrictID, WardName, NameExtension, IsEnable, CanUpdateCOD, UpdatedBy, CreatedAt, UpdatedAt, SupportType, PickType, DeliverType, WhiteListClient, WhiteListWard, GovernmentCode, Status, Config, ReasonCode, ReasonMessage, OnDates, UpdatedEmployee, UpdatedSource, UpdatedDate]
DEBUG: Skipping ward - no WardID found. Keys: [WardCode, DistrictID, WardName, NameExtension, IsEnable, CanUpdateCOD, UpdatedBy, CreatedAt, UpdatedAt, SupportType, PickType, DeliverType, WhiteListClient, WhiteListWard, GovernmentCode, Status, Config, ReasonCode, ReasonMessage, OnDates, UpdatedEmployee, UpdatedSource, UpdatedDate]
DEBUG: Skipping ward - no WardID found. Keys: [WardCode, DistrictID, WardName, NameExtension, IsEnable, CanUpdateCOD, UpdatedBy, CreatedAt, UpdatedAt, SupportType, PickType, DeliverType, WhiteListClient, WhiteListWard, GovernmentCode, Status, Config, ReasonCode, ReasonMessage, OnDates, UpdatedEmployee, UpdatedSource, UpdatedDate]
DEBUG: Skipping ward - no WardID found. Keys: [WardCode, DistrictID, WardName, NameExtension, IsEnable, CanUpdateCOD, UpdatedBy, CreatedAt, UpdatedAt, SupportType, PickType, DeliverType, WhiteListClient, WhiteListWard, GovernmentCode, Status, Config, ReasonCode, ReasonMessage, OnDates, UpdatedEmployee, UpdatedSource, UpdatedDate]
DEBUG: Skipping ward - no WardID found. Keys: [WardCode, DistrictID, WardName, NameExtension, IsEnable, CanUpdateCOD, UpdatedBy, CreatedAt, UpdatedAt, SupportType, PickType, DeliverType, WhiteListClient, WhiteListWard, Status, Config, ReasonCode, ReasonMessage, OnDates, UpdatedEmployee, UpdatedDate]
DEBUG: Skipping ward - no WardID found. Keys: [WardCode, DistrictID, WardName, NameExtension, IsEnable, CanUpdateCOD, UpdatedBy, CreatedAt, UpdatedAt, SupportType, PickType, DeliverType, WhiteListClient, WhiteListWard, GovernmentCode, Status, Config, ReasonCode, ReasonMessage, OnDates, UpdatedEmployee, UpdatedSource, UpdatedDate]
DEBUG: Skipping ward - no WardID found. Keys: [WardCode, DistrictID, WardName, NameExtension, IsEnable, CanUpdateCOD, UpdatedBy, CreatedAt, UpdatedAt, SupportType, PickType, DeliverType, WhiteListClient, WhiteListWard, Status, Config, ReasonCode, ReasonMessage, OnDates, UpdatedEmployee, UpdatedDate]
DEBUG: Skipping ward - no WardID found. Keys: [WardCode, DistrictID, WardName, NameExtension, IsEnable, CanUpdateCOD, UpdatedBy, CreatedAt, UpdatedAt, SupportType, PickType, DeliverType, WhiteListClient, WhiteListWard, GovernmentCode, Status, Config, ReasonCode, ReasonMessage, OnDates, UpdatedEmployee, UpdatedSource, UpdatedDate]
DEBUG: Skipping ward - no WardID found. Keys: [WardCode, DistrictID, WardName, NameExtension, IsEnable, CanUpdateCOD, UpdatedBy, CreatedAt, UpdatedAt, SupportType, PickType, DeliverType, WhiteListClient, WhiteListWard, GovernmentCode, Status, Config, ReasonCode, ReasonMessage, OnDates, UpdatedEmployee, UpdatedSource, UpdatedDate]
DEBUG: Added 0 wards to response
check email in queue Fri Dec 05 21:41:15 ICT 2025
